<application>

  <name>Test gravityCompensator</name>

  <module>
      <name>yarplogger</name>
      <parameters>--start</parameters>
      <node>localhost</node>
  </module>

  <module>
      <name>gzserver</name>
      <parameters>test-gc.sdf</parameters>
      <dependencies>
         <port timeout="20">/yarplogger</port>
      </dependencies>
      <environment>YARP_FORWARD_LOG_ENABLE=1</environment>
      <node>localhost</node>
  </module>

  <module>
      <name>gzclient</name>
      <node>localhost</node>
  </module>

  <module>
      <name>wholeBodyDynamics</name>
      <parameters>--robot icubSim --autoconnect --dummy_ft --headV2.7 --no_legs</parameters>
      <dependencies>
          <port timeout="20">/yarplogger</port>
          <port timeout="20">/icubSim/head/state:o</port>
          <port timeout="20">/icubSim/torso/state:o</port>
          <port timeout="20">/icubSim/right_arm/state:o</port>
          <port timeout="20">/icubSim/left_arm/state:o</port>
          <port timeout="20">/icubSim/head/inertials/measures:o</port>
      </dependencies>
      <environment>YARP_FORWARD_LOG_ENABLE=1</environment>
      <node>localhost</node>
  </module>

  <module>
      <name>gravityCompensator</name>
      <parameters>--robot icubSim --headV2.7 --no_legs</parameters>
      <dependencies>
          <port timeout="20">/wholeBodyDynamics/rpc:i</port>
      </dependencies>
      <environment>YARP_FORWARD_LOG_ENABLE=1</environment>
      <node>localhost</node>
  </module>

  <module>
      <name>yarpscope</name>
      <parameters>--remote /gravityCompensator/left_arm/exec_torques:o --index 3 --min 3.0 --max 3.0</parameters>
      <dependencies>
         <port timeout="20">/gravityCompensator/left_arm/exec_torques:o</port>
      </dependencies>
      <node>localhost</node>
  </module>

</application>
